<?xml version="1.0" encoding="UTF-8"?>
<!-- Generated by org.testng.reporters.JUnitReportReporter -->
<testsuite hostname="DESKTOP-LU6TJHI" failures="0" tests="1" name="runnerTestNG.RunnerTestNG" time="8.170" errors="0" timestamp="2024-04-05T11:46:08 IST" skipped="0">
  <testcase classname="runnerTestNG.RunnerTestNG" name="runScenario" time="8.170"/>
  <system-out/>
</testsuite> <!-- runnerTestNG.RunnerTestNG -->
